<?xml version="1.0" encoding="UTF-8"?>
<!-- Generated by org.testng.reporters.JUnitReportReporter -->
<testsuite hostname="Kirans-MacBook-Pro.local" name="com.gojek.sanity.LoginTest" tests="1" failures="0" timestamp="7 Jan 2017 18:18:02 GMT" time="20.518" errors="0">
  <testcase name="loginTest" time="20.518" classname="com.gojek.sanity.LoginTest"/>
</testsuite> <!-- com.gojek.sanity.LoginTest -->
